C:\Program Files (x86)\Microsoft Visual Studio\2017\Enterprise\Common7\IDE\VC\VCTargets\Microsoft.CppBuild.targets(387,5): warning MSB8028: The intermediate directory (Debug\) contains files shared from another project (projekt.vcxproj).  This can lead to incorrect clean and rebuild behavior.
  glad.c
  Skipping... (no relevant changes detected)
  main.cpp
glfw3.lib(context.obj) : warning LNK4099: PDB 'glfw.pdb' was not found with 'glfw3.lib(context.obj)' or at 'E:\Moje dokumenty\Studia\AiR\Semestr 4\Laboratoria\Grafika komputerowa\LearningOpenGL\Projekt\projekt\Debug\glfw.pdb'; linking object as if no debug info
glfw3.lib(init.obj) : warning LNK4099: PDB 'glfw.pdb' was not found with 'glfw3.lib(init.obj)' or at 'E:\Moje dokumenty\Studia\AiR\Semestr 4\Laboratoria\Grafika komputerowa\LearningOpenGL\Projekt\projekt\Debug\glfw.pdb'; linking object as if no debug info
glfw3.lib(input.obj) : warning LNK4099: PDB 'glfw.pdb' was not found with 'glfw3.lib(input.obj)' or at 'E:\Moje dokumenty\Studia\AiR\Semestr 4\Laboratoria\Grafika komputerowa\LearningOpenGL\Projekt\projekt\Debug\glfw.pdb'; linking object as if no debug info
glfw3.lib(monitor.obj) : warning LNK4099: PDB 'glfw.pdb' was not found with 'glfw3.lib(monitor.obj)' or at 'E:\Moje dokumenty\Studia\AiR\Semestr 4\Laboratoria\Grafika komputerowa\LearningOpenGL\Projekt\projekt\Debug\glfw.pdb'; linking object as if no debug info
glfw3.lib(vulkan.obj) : warning LNK4099: PDB 'glfw.pdb' was not found with 'glfw3.lib(vulkan.obj)' or at 'E:\Moje dokumenty\Studia\AiR\Semestr 4\Laboratoria\Grafika komputerowa\LearningOpenGL\Projekt\projekt\Debug\glfw.pdb'; linking object as if no debug info
glfw3.lib(window.obj) : warning LNK4099: PDB 'glfw.pdb' was not found with 'glfw3.lib(window.obj)' or at 'E:\Moje dokumenty\Studia\AiR\Semestr 4\Laboratoria\Grafika komputerowa\LearningOpenGL\Projekt\projekt\Debug\glfw.pdb'; linking object as if no debug info
glfw3.lib(win32_init.obj) : warning LNK4099: PDB 'glfw.pdb' was not found with 'glfw3.lib(win32_init.obj)' or at 'E:\Moje dokumenty\Studia\AiR\Semestr 4\Laboratoria\Grafika komputerowa\LearningOpenGL\Projekt\projekt\Debug\glfw.pdb'; linking object as if no debug info
glfw3.lib(win32_joystick.obj) : warning LNK4099: PDB 'glfw.pdb' was not found with 'glfw3.lib(win32_joystick.obj)' or at 'E:\Moje dokumenty\Studia\AiR\Semestr 4\Laboratoria\Grafika komputerowa\LearningOpenGL\Projekt\projekt\Debug\glfw.pdb'; linking object as if no debug info
glfw3.lib(win32_monitor.obj) : warning LNK4099: PDB 'glfw.pdb' was not found with 'glfw3.lib(win32_monitor.obj)' or at 'E:\Moje dokumenty\Studia\AiR\Semestr 4\Laboratoria\Grafika komputerowa\LearningOpenGL\Projekt\projekt\Debug\glfw.pdb'; linking object as if no debug info
glfw3.lib(win32_time.obj) : warning LNK4099: PDB 'glfw.pdb' was not found with 'glfw3.lib(win32_time.obj)' or at 'E:\Moje dokumenty\Studia\AiR\Semestr 4\Laboratoria\Grafika komputerowa\LearningOpenGL\Projekt\projekt\Debug\glfw.pdb'; linking object as if no debug info
glfw3.lib(win32_tls.obj) : warning LNK4099: PDB 'glfw.pdb' was not found with 'glfw3.lib(win32_tls.obj)' or at 'E:\Moje dokumenty\Studia\AiR\Semestr 4\Laboratoria\Grafika komputerowa\LearningOpenGL\Projekt\projekt\Debug\glfw.pdb'; linking object as if no debug info
glfw3.lib(win32_window.obj) : warning LNK4099: PDB 'glfw.pdb' was not found with 'glfw3.lib(win32_window.obj)' or at 'E:\Moje dokumenty\Studia\AiR\Semestr 4\Laboratoria\Grafika komputerowa\LearningOpenGL\Projekt\projekt\Debug\glfw.pdb'; linking object as if no debug info
glfw3.lib(wgl_context.obj) : warning LNK4099: PDB 'glfw.pdb' was not found with 'glfw3.lib(wgl_context.obj)' or at 'E:\Moje dokumenty\Studia\AiR\Semestr 4\Laboratoria\Grafika komputerowa\LearningOpenGL\Projekt\projekt\Debug\glfw.pdb'; linking object as if no debug info
glfw3.lib(egl_context.obj) : warning LNK4099: PDB 'glfw.pdb' was not found with 'glfw3.lib(egl_context.obj)' or at 'E:\Moje dokumenty\Studia\AiR\Semestr 4\Laboratoria\Grafika komputerowa\LearningOpenGL\Projekt\projekt\Debug\glfw.pdb'; linking object as if no debug info
  projekt.vcxproj -> E:\Moje dokumenty\Studia\AiR\Semestr 4\Laboratoria\Grafika komputerowa\LearningOpenGL\Projekt\projekt\Debug\car-model-opengl.exe
  projekt.vcxproj -> E:\Moje dokumenty\Studia\AiR\Semestr 4\Laboratoria\Grafika komputerowa\LearningOpenGL\Projekt\projekt\Debug\car-model-opengl.pdb (Partial PDB)
